#
# A fatal error has been detected by the Java Runtime Environment:
#
#  Internal Error (safepoint.cpp:716), pid=99791, tid=0x000000000000a30f
#  fatal error: Illegal threadstate encountered: 4
#
# JRE version: Java(TM) SE Runtime Environment (8.0_301-b09) (build 1.8.0_301-b09)
# Java VM: Java HotSpot(TM) 64-Bit Server VM (25.301-b09 mixed mode bsd-amd64 compressed oops)
# Failed to write core dump. Core dumps have been disabled. To enable core dumping, try "ulimit -c unlimited" before starting Java again
#
# If you would like to submit a bug report, please visit:
#   http://bugreport.java.com/bugreport/crash.jsp
# The crash happened outside the Java Virtual Machine in native code.
# See problematic frame for where to report the bug.
#

---------------  T H R E A D  ---------------

Current thread (0x00007fb507993800):  JavaThread "Thread-1" daemon [_thread_in_native, id=41743, stack(0x000070000c4ab000,0x000070000c5ab000)]

Stack: [0x000070000c4ab000,0x000070000c5ab000],  sp=0x000070000c5a9f10,  free space=1019k
Native frames: (J=compiled Java code, j=interpreted, Vv=VM code, C=native code)
V  [libjvm.dylib+0x59b49f]
V  [libjvm.dylib+0x1d377f]
V  [libjvm.dylib+0x4e7817]
V  [libjvm.dylib+0x561d2f]
V  [libjvm.dylib+0x2fd88e]
C  [libglass.dylib+0x8868]  -[GlassRunnable dealloc]+0x28
C  [Foundation+0x8210b]  -[_NSThreadPerformInfo dealloc]+0x2a
C  [Foundation+0x4edc7]  -[NSObject(NSThreadPerformAdditions) performSelectorOnMainThread:withObject:waitUntilDone:]+0x7c
J 1813  com.sun.glass.ui.mac.MacApplication._submitForLaterInvocation(Ljava/lang/Runnable;)V (0 bytes) @ 0x000000010a647a3c [0x000000010a647980+0xbc]
J 1812 C1 com.sun.glass.ui.mac.MacApplication.submitForLaterInvocation(Ljava/lang/Runnable;)V (6 bytes) @ 0x000000010a649efc [0x000000010a649e80+0x7c]
j  com.sun.glass.ui.InvokeLaterDispatcher.run()V+82
v  ~StubRoutines::call_stub
V  [libjvm.dylib+0x2d63b3]
V  [libjvm.dylib+0x2d5216]
V  [libjvm.dylib+0x2d53f7]
V  [libjvm.dylib+0x3426e9]
V  [libjvm.dylib+0x56057a]
V  [libjvm.dylib+0x56043f]
V  [libjvm.dylib+0x48d62b]
C  [libsystem_pthread.dylib+0x6514]  _pthread_start+0x7d
C  [libsystem_pthread.dylib+0x202f]  thread_start+0xf
C  0x0000000000000000

Java frames: (J=compiled Java code, j=interpreted, Vv=VM code)
J 1813  com.sun.glass.ui.mac.MacApplication._submitForLaterInvocation(Ljava/lang/Runnable;)V (0 bytes) @ 0x000000010a6479cc [0x000000010a647980+0x4c]
J 1812 C1 com.sun.glass.ui.mac.MacApplication.submitForLaterInvocation(Ljava/lang/Runnable;)V (6 bytes) @ 0x000000010a649efc [0x000000010a649e80+0x7c]
j  com.sun.glass.ui.InvokeLaterDispatcher.run()V+82
v  ~StubRoutines::call_stub

---------------  P R O C E S S  ---------------

Java Threads: ( => current thread )
  0x00007fb5089ff800 JavaThread "PulseTimer-CVDisplayLink thread" daemon [_thread_blocked, id=54807, stack(0x000070000c7b7000,0x000070000c837000)]
  0x00007fb508999000 JavaThread "Prism Font Disposer" daemon [_thread_blocked, id=73867, stack(0x000070000c9c0000,0x000070000cac0000)]
  0x00007fb5079d8000 JavaThread "JavaFX-Launcher" [_thread_blocked, id=78599, stack(0x000070000c8bd000,0x000070000c9bd000)]
  0x00007fb5088fd000 JavaThread "JavaFX Application Thread" [_thread_in_native_trans, id=259, stack(0x00007ff7ba8bf000,0x00007ff7bb0bf000)]
=>0x00007fb507993800 JavaThread "Thread-1" daemon [_thread_in_native, id=41743, stack(0x000070000c4ab000,0x000070000c5ab000)]
  0x00007fb5088c3000 JavaThread "QuantumRenderer-0" daemon [_thread_blocked, id=15875, stack(0x000070000c3a8000,0x000070000c4a8000)]
  0x00007fb507835800 JavaThread "Service Thread" daemon [_thread_blocked, id=15107, stack(0x000070000c1a2000,0x000070000c2a2000)]
  0x00007fb507834800 JavaThread "C1 CompilerThread2" daemon [_thread_blocked, id=14851, stack(0x000070000c09f000,0x000070000c19f000)]
  0x00007fb507833800 JavaThread "C2 CompilerThread1" daemon [_thread_blocked, id=14339, stack(0x000070000bf9c000,0x000070000c09c000)]
  0x00007fb507832000 JavaThread "C2 CompilerThread0" daemon [_thread_blocked, id=13827, stack(0x000070000be99000,0x000070000bf99000)]
  0x00007fb50782d000 JavaThread "Signal Dispatcher" daemon [_thread_blocked, id=13315, stack(0x000070000bd96000,0x000070000be96000)]
  0x00007fb506815000 JavaThread "Finalizer" daemon [_thread_blocked, id=11779, stack(0x000070000bb8d000,0x000070000bc8d000)]
  0x00007fb50782c800 JavaThread "Reference Handler" daemon [_thread_blocked, id=11267, stack(0x000070000ba8a000,0x000070000bb8a000)]
  0x00007fb50780b800 JavaThread "main" [_thread_blocked, id=3331, stack(0x000070000b478000,0x000070000b578000)]

Other Threads:
  0x00007fb508828000 VMThread [stack: 0x000070000b987000,0x000070000ba87000] [id=11011]
  0x00007fb50883a000 WatcherThread [stack: 0x000070000c2a5000,0x000070000c3a5000] [id=15619]

VM state:synchronizing (normal execution)

VM Mutex/Monitor currently owned by a thread:  ([mutex/lock_event])
[0x00006000034d2700] Safepoint_lock - owner thread: 0x00007fb508828000
[0x00006000034d2780] Threads_lock - owner thread: 0x00007fb508828000

heap address: 0x0000000740000000, size: 2048 MB, Compressed Oops mode: Zero based, Oop shift amount: 3
Narrow klass base: 0x0000000000000000, Narrow klass shift: 3
Compressed class space size: 1073741824 Address: 0x00000007c0000000

Heap:
 PSYoungGen      total 38400K, used 7415K [0x0000000795580000, 0x0000000798000000, 0x00000007c0000000)
  eden space 33280K, 7% used [0x0000000795580000,0x00000007957d9310,0x0000000797600000)
  from space 5120K, 97% used [0x0000000797600000,0x0000000797ae4ad0,0x0000000797b00000)
  to   space 5120K, 0% used [0x0000000797b00000,0x0000000797b00000,0x0000000798000000)
 ParOldGen       total 87552K, used 1360K [0x0000000740000000, 0x0000000745580000, 0x0000000795580000)
  object space 87552K, 1% used [0x0000000740000000,0x0000000740154020,0x0000000745580000)
 Metaspace       used 14228K, capacity 14796K, committed 14976K, reserved 1062912K
  class space    used 1924K, capacity 2064K, committed 2176K, reserved 1048576K

Card table byte_map: [0x00000001053fe000,0x00000001057ff000] byte_map_base: 0x00000001019fe000

Marking Bits: (ParMarkBitMap*) 0x0000000106467298
 Begin Bits: [0x00000001190d3000, 0x000000011b0d3000)
 End Bits:   [0x000000011b0d3000, 0x000000011d0d3000)

Polling page: 0x0000000104f76000

CodeCache: size=245760Kb used=5794Kb max_used=5804Kb free=239965Kb
 bounds [0x000000010a0d3000, 0x000000010a683000, 0x00000001190d3000]
 total_blobs=2496 nmethods=1867 adapters=542
 compilation: enabled

Compilation events (10 events):
Event: 12.493 Thread 0x00007fb507834800 nmethod 1863 0x000000010a662d50 code [0x000000010a662ee0, 0x000000010a663148]
Event: 12.493 Thread 0x00007fb507834800 1864       3       com.sun.scenario.animation.AnimationPulse::recordEnd (81 bytes)
Event: 12.494 Thread 0x00007fb507834800 nmethod 1864 0x000000010a67c490 code [0x000000010a67c700, 0x000000010a67d308]
Event: 12.660 Thread 0x00007fb507833800 1866       4       javafx.scene.Node::isVisible (19 bytes)
Event: 12.661 Thread 0x00007fb507833800 nmethod 1866 0x000000010a65cd50 code [0x000000010a65cea0, 0x000000010a65cf18]
Event: 12.672 Thread 0x00007fb507834800 1874       1       javafx.scene.layout.Region::impl_notifyLayoutBoundsChanged (1 bytes)
Event: 12.672 Thread 0x00007fb507834800 nmethod 1874 0x000000010a65d610 code [0x000000010a65d760, 0x000000010a65d870]
Event: 12.672 Thread 0x00007fb507834800 1879       1       com.sun.javafx.tk.Toolkit::getPaintAccessor (4 bytes)
Event: 12.672 Thread 0x00007fb507834800 nmethod 1879 0x000000010a65d310 code [0x000000010a65d460, 0x000000010a65d570]
Event: 12.672 Thread 0x00007fb507834800 1870   !   3       javafx.scene.Parent$2::onProposedChange (761 bytes)

GC Heap History (2 events):
Event: 9.646 GC heap before
{Heap before GC invocations=1 (full 0):
 PSYoungGen      total 38400K, used 33280K [0x0000000795580000, 0x0000000798000000, 0x00000007c0000000)
  eden space 33280K, 100% used [0x0000000795580000,0x0000000797600000,0x0000000797600000)
  from space 5120K, 0% used [0x0000000797b00000,0x0000000797b00000,0x0000000798000000)
  to   space 5120K, 0% used [0x0000000797600000,0x0000000797600000,0x0000000797b00000)
 ParOldGen       total 87552K, used 0K [0x0000000740000000, 0x0000000745580000, 0x0000000795580000)
  object space 87552K, 0% used [0x0000000740000000,0x0000000740000000,0x0000000745580000)
 Metaspace       used 13981K, capacity 14596K, committed 14720K, reserved 1062912K
  class space    used 1924K, capacity 2064K, committed 2176K, reserved 1048576K
Event: 9.665 GC heap after
Heap after GC invocations=1 (full 0):
 PSYoungGen      total 38400K, used 5010K [0x0000000795580000, 0x0000000798000000, 0x00000007c0000000)
  eden space 33280K, 0% used [0x0000000795580000,0x0000000795580000,0x0000000797600000)
  from space 5120K, 97% used [0x0000000797600000,0x0000000797ae4ad0,0x0000000797b00000)
  to   space 5120K, 0% used [0x0000000797b00000,0x0000000797b00000,0x0000000798000000)
 ParOldGen       total 87552K, used 1360K [0x0000000740000000, 0x0000000745580000, 0x0000000795580000)
  object space 87552K, 1% used [0x0000000740000000,0x0000000740154020,0x0000000745580000)
 Metaspace       used 13981K, capacity 14596K, committed 14720K, reserved 1062912K
  class space    used 1924K, capacity 2064K, committed 2176K, reserved 1048576K
}

Deoptimization events (10 events):
Event: 3.717 Thread 0x00007fb5088fd000 Uncommon trap: reason=class_check action=maybe_recompile pc=0x000000010a347244 method=java.io.DataInputStream.readShort()S @ 4
Event: 3.718 Thread 0x00007fb5088fd000 Uncommon trap: reason=class_check action=maybe_recompile pc=0x000000010a347244 method=java.io.DataInputStream.readShort()S @ 4
Event: 3.723 Thread 0x00007fb5088fd000 Uncommon trap: reason=class_check action=maybe_recompile pc=0x000000010a347244 method=java.io.DataInputStream.readShort()S @ 4
Event: 3.723 Thread 0x00007fb5088fd000 Uncommon trap: reason=class_check action=maybe_recompile pc=0x000000010a347244 method=java.io.DataInputStream.readShort()S @ 4
Event: 3.732 Thread 0x00007fb5088fd000 Uncommon trap: reason=class_check action=maybe_recompile pc=0x000000010a1f0898 method=java.lang.String.equals(Ljava/lang/Object;)Z @ 8
Event: 3.732 Thread 0x00007fb5088fd000 Uncommon trap: reason=class_check action=maybe_recompile pc=0x000000010a1f0898 method=java.lang.String.equals(Ljava/lang/Object;)Z @ 8
Event: 3.732 Thread 0x00007fb5088fd000 Uncommon trap: reason=class_check action=maybe_recompile pc=0x000000010a1f0898 method=java.lang.String.equals(Ljava/lang/Object;)Z @ 8
Event: 3.734 Thread 0x00007fb5088fd000 Uncommon trap: reason=class_check action=maybe_recompile pc=0x000000010a1f0898 method=java.lang.String.equals(Ljava/lang/Object;)Z @ 8
Event: 4.038 Thread 0x00007fb5088c3000 Uncommon trap: reason=unstable_if action=reinterpret pc=0x000000010a372a54 method=sun.net.www.ParseUtil.encodePath(Ljava/lang/String;Z)Ljava/lang/String; @ 109
Event: 6.082 Thread 0x00007fb5088fd000 Uncommon trap: reason=unstable_if action=reinterpret pc=0x000000010a3c4de4 method=jdk.internal.org.objectweb.asm.Type.getArgumentsAndReturnSizes(Ljava/lang/String;)I @ 47

Classes redefined (0 events):
No events

Internal exceptions (10 events):
Event: 1.234 Thread 0x00007fb50780b800 Exception <a 'java/lang/NoSuchFieldError': method resolution failed> (0x00000007957acf18) thrown at [/System/Volumes/Data/jenkins/workspace/8-2-build-macosx-x86_64/jdk8u301/1513/hotspot/src/share/vm/prims/methodHandles.cpp, line 1169]
Event: 1.270 Thread 0x00007fb50780b800 Exception <a 'java/security/PrivilegedActionException'> (0x000000079583b470) thrown at [/System/Volumes/Data/jenkins/workspace/8-2-build-macosx-x86_64/jdk8u301/1513/hotspot/src/share/vm/prims/jvm.cpp, line 1523]
Event: 1.270 Thread 0x00007fb50780b800 Exception <a 'java/security/PrivilegedActionException'> (0x000000079583b680) thrown at [/System/Volumes/Data/jenkins/workspace/8-2-build-macosx-x86_64/jdk8u301/1513/hotspot/src/share/vm/prims/jvm.cpp, line 1523]
Event: 1.271 Thread 0x00007fb50780b800 Exception <a 'java/security/PrivilegedActionException'> (0x000000079583fcd8) thrown at [/System/Volumes/Data/jenkins/workspace/8-2-build-macosx-x86_64/jdk8u301/1513/hotspot/src/share/vm/prims/jvm.cpp, line 1523]
Event: 1.271 Thread 0x00007fb50780b800 Exception <a 'java/security/PrivilegedActionException'> (0x000000079583fee8) thrown at [/System/Volumes/Data/jenkins/workspace/8-2-build-macosx-x86_64/jdk8u301/1513/hotspot/src/share/vm/prims/jvm.cpp, line 1523]
Event: 1.271 Thread 0x00007fb50780b800 Exception <a 'java/lang/NullPointerException'> (0x00000007958404c0) thrown at [/System/Volumes/Data/jenkins/workspace/8-2-build-macosx-x86_64/jdk8u301/1513/hotspot/src/share/vm/interpreter/linkResolver.cpp, line 1185]
Event: 2.637 Thread 0x00007fb5088fd000 Exception <a 'java/lang/NullPointerException'> (0x000000079621d6b8) thrown at [/System/Volumes/Data/jenkins/workspace/8-2-build-macosx-x86_64/jdk8u301/1513/hotspot/src/share/vm/interpreter/linkResolver.cpp, line 1185]
Event: 2.637 Thread 0x00007fb5088fd000 Exception <a 'java/lang/NullPointerException'> (0x000000079621d6b8) thrown at [/System/Volumes/Data/jenkins/workspace/8-2-build-macosx-x86_64/jdk8u301/1513/hotspot/src/share/vm/prims/jvm.cpp, line 1527]
Event: 3.042 Thread 0x00007fb5088fd000 Implicit null exception at 0x000000010a34b9b5 to 0x000000010a34bbf1
Event: 3.101 Thread 0x00007fb5088fd000 Implicit null exception at 0x000000010a2f36f6 to 0x000000010a2f3ab5

Events (10 events):
Event: 6.085 loading class com/sun/scenario/animation/AnimationPulse$PulseData$Accessor
Event: 6.085 loading class com/sun/scenario/animation/AnimationPulse$PulseData$Accessor done
Event: 6.085 loading class com/sun/scenario/animation/AnimationPulse$PulseData
Event: 6.085 loading class com/sun/scenario/animation/AnimationPulse$PulseData done
Event: 6.085 loading class com/sun/scenario/animation/AnimationPulse$PulseData$Accessor
Event: 6.085 loading class com/sun/scenario/animation/AnimationPulse$PulseData$Accessor done
Event: 6.086 loading class javafx/animation/Animation$1
Event: 6.086 loading class javafx/animation/Animation$1 done
Event: 9.646 Executing VM operation: ParallelGCFailedAllocation
Event: 9.665 Executing VM operation: ParallelGCFailedAllocation done


Dynamic libraries:
0x00007ff820361000 	/System/Library/Frameworks/Cocoa.framework/Versions/A/Cocoa
0x00007ff80c19f000 	/System/Library/Frameworks/AppKit.framework/Versions/C/AppKit
0x00007ff80f68c000 	/System/Library/Frameworks/CoreData.framework/Versions/A/CoreData
0x00007ff80a5ba000 	/System/Library/Frameworks/Foundation.framework/Versions/C/Foundation
0x00007ff814501000 	/usr/lib/libSystem.B.dylib
0x00007ff80d02c000 	/System/Library/PrivateFrameworks/UIFoundation.framework/Versions/A/UIFoundation
0x00007ff81a339000 	/System/Library/PrivateFrameworks/RemoteViewServices.framework/Versions/A/RemoteViewServices
0x00007ff8126ad000 	/System/Library/PrivateFrameworks/XCTTargetBootstrap.framework/Versions/A/XCTTargetBootstrap
0x00007ff816310000 	/System/Library/PrivateFrameworks/InternationalSupport.framework/Versions/A/InternationalSupport
0x00007ff81639a000 	/System/Library/PrivateFrameworks/UserActivity.framework/Versions/A/UserActivity
0x00007ff8156f0000 	/usr/lib/libspindump.dylib
0x00007ff80d2ba000 	/System/Library/Frameworks/UniformTypeIdentifiers.framework/Versions/A/UniformTypeIdentifiers
0x00007ff810dec000 	/usr/lib/libapp_launch_measurement.dylib
0x00007ff810056000 	/System/Library/PrivateFrameworks/CoreAnalytics.framework/Versions/A/CoreAnalytics
0x00007ff810def000 	/System/Library/PrivateFrameworks/CoreAutoLayout.framework/Versions/A/CoreAutoLayout
0x00007ff81200e000 	/System/Library/Frameworks/Metal.framework/Versions/A/Metal
0x00007ff812d23000 	/usr/lib/liblangid.dylib
0x00007ff8126b1000 	/System/Library/PrivateFrameworks/CoreSVG.framework/Versions/A/CoreSVG
0x00007ff80e67c000 	/System/Library/PrivateFrameworks/SkyLight.framework/Versions/A/SkyLight
0x00007ff80ea0d000 	/System/Library/Frameworks/CoreGraphics.framework/Versions/A/CoreGraphics
0x00007ff81a9a4000 	/System/Library/Frameworks/Accelerate.framework/Versions/A/Accelerate
0x00007ff81516b000 	/System/Library/PrivateFrameworks/IconServices.framework/Versions/A/IconServices
0x00007ff811ff3000 	/System/Library/Frameworks/IOSurface.framework/Versions/A/IOSurface
0x00007ff810084000 	/usr/lib/libDiagnosticMessagesClient.dylib
0x00007ff814421000 	/usr/lib/libz.1.dylib
0x00007ff81e003000 	/System/Library/Frameworks/ApplicationServices.framework/Versions/A/ApplicationServices
0x00007ff812699000 	/System/Library/PrivateFrameworks/DFRFoundation.framework/Versions/A/DFRFoundation
0x00007ff80ba90000 	/usr/lib/libicucore.A.dylib
0x00007ff817032000 	/System/Library/Frameworks/AudioToolbox.framework/Versions/A/AudioToolbox
0x00007ff81631c000 	/System/Library/PrivateFrameworks/DataDetectorsCore.framework/Versions/A/DataDetectorsCore
0x00007ff911b62000 	/System/Library/PrivateFrameworks/TextInput.framework/Versions/A/TextInput
0x00007ff80e5ff000 	/usr/lib/libMobileGestalt.dylib
0x00007ff8123a1000 	/System/Library/Frameworks/Carbon.framework/Versions/A/Frameworks/HIToolbox.framework/Versions/A/HIToolbox
0x00007ff81081a000 	/System/Library/Frameworks/QuartzCore.framework/Versions/A/QuartzCore
0x00007ff80b731000 	/System/Library/Frameworks/Security.framework/Versions/A/Security
0x00007ff81a371000 	/System/Library/Frameworks/Carbon.framework/Versions/A/Frameworks/SpeechRecognition.framework/Versions/A/SpeechRecognition
0x00007ff810b4c000 	/System/Library/PrivateFrameworks/CoreUI.framework/Versions/A/CoreUI
0x00007ff80b00b000 	/System/Library/Frameworks/CoreAudio.framework/Versions/A/CoreAudio
0x00007ff810172000 	/System/Library/Frameworks/DiskArbitration.framework/Versions/A/DiskArbitration
0x00007ff815ad7000 	/System/Library/PrivateFrameworks/MultitouchSupport.framework/Versions/A/MultitouchSupport
0x00007ff80e5fe000 	/usr/lib/libenergytrace.dylib
0x00007ff80c08b000 	/System/Library/Frameworks/IOKit.framework/Versions/A/IOKit
0x00007ff81a75b000 	/System/Library/Frameworks/CoreServices.framework/Versions/A/CoreServices
0x00007ff810d86000 	/System/Library/PrivateFrameworks/PerformanceAnalysis.framework/Versions/A/PerformanceAnalysis
0x00007ffa21123000 	/System/Library/Frameworks/OpenGL.framework/Versions/A/OpenGL
0x00007ff813a59000 	/System/Library/PrivateFrameworks/MobileKeyBag.framework/Versions/A/MobileKeyBag
0x00007ff80957b000 	/usr/lib/libobjc.A.dylib
0x00007ff80f0d9000 	/System/Library/Frameworks/ColorSync.framework/Versions/A/ColorSync
0x00007ff809734000 	/System/Library/Frameworks/CoreFoundation.framework/Versions/A/CoreFoundation
0x00007ff81292a000 	/System/Library/Frameworks/CoreImage.framework/Versions/A/CoreImage
0x00007ff80ae21000 	/System/Library/Frameworks/CoreText.framework/Versions/A/CoreText
0x00007ff8126e0000 	/System/Library/Frameworks/ImageIO.framework/Versions/A/ImageIO
0x00007ff814507000 	/System/Library/PrivateFrameworks/SoftLinking.framework/Versions/A/SoftLinking
0x00007ff810e37000 	/usr/lib/libxml2.2.dylib
0x00007ff809641000 	/usr/lib/libc++.1.dylib
0x00007ff81478a000 	/usr/lib/libcompression.dylib
0x00007ff816246000 	/System/Library/PrivateFrameworks/TextureIO.framework/Versions/A/TextureIO
0x00007ff814e7d000 	/usr/lib/libate.dylib
0x00007ff8144fc000 	/usr/lib/system/libcache.dylib
0x00007ff8144b8000 	/usr/lib/system/libcommonCrypto.dylib
0x00007ff8144e1000 	/usr/lib/system/libcompiler_rt.dylib
0x00007ff8144d7000 	/usr/lib/system/libcopyfile.dylib
0x00007ff809475000 	/usr/lib/system/libcorecrypto.dylib
0x00007ff809534000 	/usr/lib/system/libdispatch.dylib
0x00007ff8096f3000 	/usr/lib/system/libdyld.dylib
0x00007ff8144f3000 	/usr/lib/system/libkeymgr.dylib
0x00007ff814496000 	/usr/lib/system/libmacho.dylib
0x00007ff813b2d000 	/usr/lib/system/libquarantine.dylib
0x00007ff8144f1000 	/usr/lib/system/libremovefile.dylib
0x00007ff80e64b000 	/usr/lib/system/libsystem_asl.dylib
0x00007ff809423000 	/usr/lib/system/libsystem_blocks.dylib
0x00007ff8095b8000 	/usr/lib/system/libsystem_c.dylib
0x00007ff8144e9000 	/usr/lib/system/libsystem_collections.dylib
0x00007ff812d14000 	/usr/lib/system/libsystem_configuration.dylib
0x00007ff811fd6000 	/usr/lib/system/libsystem_containermanager.dylib
0x00007ff8141d5000 	/usr/lib/system/libsystem_coreservices.dylib
0x00007ff80bd19000 	/usr/lib/system/libsystem_darwin.dylib
0x00007ff8144f4000 	/usr/lib/system/libsystem_dnssd.dylib
0x00007ff8095b5000 	/usr/lib/system/libsystem_featureflags.dylib
0x00007ff809709000 	/usr/lib/system/libsystem_info.dylib
0x00007ff814434000 	/usr/lib/system/libsystem_m.dylib
0x00007ff809508000 	/usr/lib/system/libsystem_malloc.dylib
0x00007ff80e5e8000 	/usr/lib/system/libsystem_networkextension.dylib
0x00007ff80c141000 	/usr/lib/system/libsystem_notify.dylib
0x00007ff81a632000 	/usr/lib/system/libsystem_product_info_filter.dylib
0x00007ff812d18000 	/usr/lib/system/libsystem_sandbox.dylib
0x00007ff8144ee000 	/usr/lib/system/libsystem_secinit.dylib
0x00007ff8096b0000 	/usr/lib/system/libsystem_kernel.dylib
0x00007ff8096ff000 	/usr/lib/system/libsystem_platform.dylib
0x00007ff8096e7000 	/usr/lib/system/libsystem_pthread.dylib
0x00007ff80fe9c000 	/usr/lib/system/libsystem_symptoms.dylib
0x00007ff80945c000 	/usr/lib/system/libsystem_trace.dylib
0x00007ff8144c4000 	/usr/lib/system/libunwind.dylib
0x00007ff809425000 	/usr/lib/system/libxpc.dylib
0x00007ff80969a000 	/usr/lib/libc++abi.dylib
0x00007ff8144cf000 	/usr/lib/liboah.dylib
0x00007ff814c5b000 	/usr/lib/liblzma.5.dylib
0x00007ff80a2cb000 	/System/Library/Frameworks/SystemConfiguration.framework/Versions/A/SystemConfiguration
0x00007ff814503000 	/usr/lib/libfakelink.dylib
0x00007ff80e152000 	/System/Library/Frameworks/CFNetwork.framework/Versions/A/CFNetwork
0x00007ff814642000 	/usr/lib/libarchive.2.dylib
0x00007ff812d1f000 	/System/Library/PrivateFrameworks/AppleSystemInfo.framework/Versions/A/AppleSystemInfo
0x00007ff813b53000 	/usr/lib/libbsm.0.dylib
0x00007ff80d789000 	/usr/lib/libnetwork.dylib
0x00007ff81449c000 	/usr/lib/system/libkxld.dylib
0x00007ff813782000 	/System/Library/PrivateFrameworks/IOMobileFramebuffer.framework/Versions/A/IOMobileFramebuffer
0x00007ffb1ec0c000 	/usr/lib/libCoreEntitlements.dylib
0x00007ff8141b7000 	/System/Library/PrivateFrameworks/AppleFSCompression.framework/Versions/A/AppleFSCompression
0x00007ff813b3c000 	/usr/lib/libcoretls.dylib
0x00007ff814c75000 	/usr/lib/libcoretls_cfhelpers.dylib
0x00007ff814785000 	/usr/lib/libpam.2.dylib
0x00007ff80fabe000 	/usr/lib/libsqlite3.dylib
0x00007ff814ce4000 	/usr/lib/libxar.1.dylib
0x00007ff8141c7000 	/usr/lib/libbz2.1.0.dylib
0x00007ff814508000 	/usr/lib/libpcap.A.dylib
0x00007ff80fe93000 	/usr/lib/libdns_services.dylib
0x00007ff814754000 	/usr/lib/libapple_nghttp2.dylib
0x00007ff81453f000 	/usr/lib/libiconv.2.dylib
0x00007ff814495000 	/usr/lib/libcharset.1.dylib
0x00007ff810dba000 	/System/Library/Frameworks/CoreServices.framework/Versions/A/Frameworks/FSEvents.framework/Versions/A/FSEvents
0x00007ff80bd23000 	/System/Library/Frameworks/CoreServices.framework/Versions/A/Frameworks/CarbonCore.framework/Versions/A/CarbonCore
0x00007ff8100d7000 	/System/Library/Frameworks/CoreServices.framework/Versions/A/Frameworks/Metadata.framework/Versions/A/Metadata
0x00007ff8141da000 	/System/Library/Frameworks/CoreServices.framework/Versions/A/Frameworks/OSServices.framework/Versions/A/OSServices
0x00007ff8146c8000 	/System/Library/Frameworks/CoreServices.framework/Versions/A/Frameworks/SearchKit.framework/Versions/A/SearchKit
0x00007ff80fe25000 	/System/Library/Frameworks/CoreServices.framework/Versions/A/Frameworks/AE.framework/Versions/A/AE
0x00007ff809c37000 	/System/Library/Frameworks/CoreServices.framework/Versions/A/Frameworks/LaunchServices.framework/Versions/A/LaunchServices
0x00007ff814c0c000 	/System/Library/Frameworks/CoreServices.framework/Versions/A/Frameworks/DictionaryServices.framework/Versions/A/DictionaryServices
0x00007ff810dc7000 	/System/Library/Frameworks/CoreServices.framework/Versions/A/Frameworks/SharedFileList.framework/Versions/A/SharedFileList
0x00007ff813b30000 	/usr/lib/libCheckFix.dylib
0x00007ff80e662000 	/System/Library/PrivateFrameworks/TCC.framework/Versions/A/TCC
0x00007ff812d25000 	/System/Library/PrivateFrameworks/CoreNLP.framework/Versions/A/CoreNLP
0x00007ff810087000 	/System/Library/PrivateFrameworks/MetadataUtilities.framework/Versions/A/MetadataUtilities
0x00007ff80a37b000 	/usr/lib/libmecabra.dylib
0x00007ff813b63000 	/usr/lib/libmecab.dylib
0x00007ff80a346000 	/usr/lib/libCRFSuite.dylib
0x00007ff813bc0000 	/usr/lib/libgermantok.dylib
0x00007ff81472f000 	/usr/lib/libThaiTokenizer.dylib
0x00007ff810179000 	/System/Library/Frameworks/Accelerate.framework/Versions/A/Frameworks/vImage.framework/Versions/A/vImage
0x00007ff81a732000 	/System/Library/Frameworks/Accelerate.framework/Versions/A/Frameworks/vecLib.framework/Versions/A/vecLib
0x00007ff814d25000 	/System/Library/Frameworks/Accelerate.framework/Versions/A/Frameworks/vecLib.framework/Versions/A/libvMisc.dylib
0x00007ff8135a0000 	/System/Library/Frameworks/Accelerate.framework/Versions/A/Frameworks/vecLib.framework/Versions/A/libvDSP.dylib
0x00007ff809faf000 	/System/Library/Frameworks/Accelerate.framework/Versions/A/Frameworks/vecLib.framework/Versions/A/libBLAS.dylib
0x00007ff814866000 	/System/Library/Frameworks/Accelerate.framework/Versions/A/Frameworks/vecLib.framework/Versions/A/libLAPACK.dylib
0x00007ff813bc3000 	/System/Library/Frameworks/Accelerate.framework/Versions/A/Frameworks/vecLib.framework/Versions/A/libLinearAlgebra.dylib
0x00007ff81476d000 	/System/Library/Frameworks/Accelerate.framework/Versions/A/Frameworks/vecLib.framework/Versions/A/libSparseBLAS.dylib
0x00007ff814860000 	/System/Library/Frameworks/Accelerate.framework/Versions/A/Frameworks/vecLib.framework/Versions/A/libQuadrature.dylib
0x00007ff812e0f000 	/System/Library/Frameworks/Accelerate.framework/Versions/A/Frameworks/vecLib.framework/Versions/A/libBNNS.dylib
0x00007ff80a25c000 	/System/Library/Frameworks/Accelerate.framework/Versions/A/Frameworks/vecLib.framework/Versions/A/libSparse.dylib
0x00007ff812e08000 	/System/Library/PrivateFrameworks/LinguisticData.framework/Versions/A/LinguisticData
0x00007ff80a211000 	/System/Library/PrivateFrameworks/Lexicon.framework/Versions/A/Lexicon
0x00007ff814d1e000 	/usr/lib/libChineseTokenizer.dylib
0x00007ff80a975000 	/System/Library/PrivateFrameworks/LanguageModeling.framework/Versions/A/LanguageModeling
0x00007ff814731000 	/System/Library/PrivateFrameworks/AppleSauce.framework/Versions/A/AppleSauce
0x00007ff813770000 	/System/Library/PrivateFrameworks/CoreEmoji.framework/Versions/A/CoreEmoji
0x00007ff814631000 	/usr/lib/libcmph.dylib
0x00007ff810d9e000 	/System/Library/Frameworks/OpenDirectory.framework/Versions/A/Frameworks/CFOpenDirectory.framework/Versions/A/CFOpenDirectory
0x00007ff810d92000 	/System/Library/Frameworks/OpenDirectory.framework/Versions/A/OpenDirectory
0x00007ff814c77000 	/System/Library/PrivateFrameworks/APFS.framework/Versions/A/APFS
0x00007ff813a91000 	/System/Library/Frameworks/SecurityFoundation.framework/Versions/A/SecurityFoundation
0x00007ff814cf2000 	/usr/lib/libutil.dylib
0x00007ff80c04e000 	/System/Library/PrivateFrameworks/CoreServicesStore.framework/Versions/A/CoreServicesStore
0x00007ff814cf6000 	/usr/lib/libxslt.1.dylib
0x00007ff813b1e000 	/System/Library/PrivateFrameworks/BackgroundTaskManagement.framework/Versions/A/BackgroundTaskManagement
0x00007ff816166000 	/System/Library/Frameworks/ImageIO.framework/Versions/A/Resources/libRadiance.dylib
0x00007ff81616f000 	/System/Library/Frameworks/ImageIO.framework/Versions/A/Resources/libJPEG.dylib
0x00007ff8160bf000 	/System/Library/Frameworks/ImageIO.framework/Versions/A/Resources/libPng.dylib
0x00007ff8160e0000 	/System/Library/Frameworks/ImageIO.framework/Versions/A/Resources/libTIFF.dylib
0x00007ff8161cf000 	/System/Library/Frameworks/ImageIO.framework/Versions/A/Resources/libGIF.dylib
0x00007ff8159f0000 	/System/Library/Frameworks/ImageIO.framework/Versions/A/Resources/libJP2.dylib
0x00007ff815132000 	/usr/lib/libexpat.1.dylib
0x00007ff8159a5000 	/System/Library/PrivateFrameworks/AppleJPEG.framework/Versions/A/AppleJPEG
0x00007ff812268000 	/System/Library/PrivateFrameworks/FontServices.framework/libFontParser.dylib
0x00007ff80fdcf000 	/System/Library/PrivateFrameworks/RunningBoardServices.framework/Versions/A/RunningBoardServices
0x00007ff8208d2000 	/System/Library/PrivateFrameworks/IOSurfaceAccelerator.framework/Versions/A/IOSurfaceAccelerator
0x00007ff815ad3000 	/System/Library/PrivateFrameworks/WatchdogClient.framework/Versions/A/WatchdogClient
0x00007ff80aa64000 	/System/Library/Frameworks/CoreDisplay.framework/Versions/A/CoreDisplay
0x00007ff812168000 	/System/Library/Frameworks/CoreMedia.framework/Versions/A/CoreMedia
0x00007ff812005000 	/System/Library/PrivateFrameworks/IOAccelerator.framework/Versions/A/IOAccelerator
0x00007ff810f1a000 	/System/Library/Frameworks/CoreVideo.framework/Versions/A/CoreVideo
0x00007ff814783000 	/System/Library/Frameworks/MetalPerformanceShaders.framework/Versions/A/MetalPerformanceShaders
0x00007ff815b0e000 	/System/Library/Frameworks/VideoToolbox.framework/Versions/A/VideoToolbox
0x00007ff80fd17000 	/System/Library/PrivateFrameworks/BaseBoard.framework/Versions/A/BaseBoard
0x00007ff80faa4000 	/System/Library/PrivateFrameworks/ProtocolBuffer.framework/Versions/A/ProtocolBuffer
0x00007ff81615f000 	/System/Library/PrivateFrameworks/GPUWrangler.framework/Versions/A/GPUWrangler
0x00007ff816142000 	/System/Library/PrivateFrameworks/IOPresentment.framework/Versions/A/IOPresentment
0x00007ff816169000 	/System/Library/PrivateFrameworks/DSExternalDisplay.framework/Versions/A/DSExternalDisplay
0x00007ffa21117000 	/System/Library/Frameworks/OpenGL.framework/Versions/A/Libraries/libCoreFSCache.dylib
0x00007ffb0d20b000 	/System/Library/PrivateFrameworks/GPUCompiler.framework/Versions/31001/Libraries/libGPUCompilerUtils.dylib
0x00007ff8161d4000 	/System/Library/PrivateFrameworks/CMCaptureCore.framework/Versions/A/CMCaptureCore
0x00007ff8156de000 	/System/Library/PrivateFrameworks/AppServerSupport.framework/Versions/A/AppServerSupport
0x00007ff8178af000 	/System/Library/PrivateFrameworks/perfdata.framework/Versions/A/perfdata
0x00007ff80ab90000 	/System/Library/PrivateFrameworks/AudioToolboxCore.framework/Versions/A/AudioToolboxCore
0x00007ff812145000 	/System/Library/PrivateFrameworks/caulk.framework/Versions/A/caulk
0x00007ff8171dc000 	/usr/lib/libAudioStatistics.dylib
0x00007ff90e421000 	/System/Library/PrivateFrameworks/SystemPolicy.framework/Versions/A/SystemPolicy
0x00007ff817428000 	/usr/lib/libSMC.dylib
0x00007ff820214000 	/System/Library/Frameworks/CoreMIDI.framework/Versions/A/CoreMIDI
0x00007ff81608f000 	/usr/lib/libAudioToolboxUtility.dylib
0x00007ff90a8a9000 	/System/Library/PrivateFrameworks/OSAServicesClient.framework/Versions/A/OSAServicesClient
0x00007ff8178bc000 	/usr/lib/libperfcheck.dylib
0x00007ff90eead000 	/usr/lib/libmis.dylib
0x00007ffa21173000 	/System/Library/Frameworks/OpenGL.framework/Versions/A/Libraries/libGLU.dylib
0x00007ffa21136000 	/System/Library/Frameworks/OpenGL.framework/Versions/A/Libraries/libGFXShared.dylib
0x00007ffa21344000 	/System/Library/Frameworks/OpenGL.framework/Versions/A/Libraries/libGL.dylib
0x00007ffa2113f000 	/System/Library/Frameworks/OpenGL.framework/Versions/A/Libraries/libGLImage.dylib
0x00007ffa21133000 	/System/Library/Frameworks/OpenGL.framework/Versions/A/Libraries/libCVMSPluginSupport.dylib
0x00007ffa2111e000 	/System/Library/Frameworks/OpenGL.framework/Versions/A/Libraries/libCoreVMClient.dylib
0x00007ff812ca3000 	/System/Library/Frameworks/MetalPerformanceShaders.framework/Versions/A/Frameworks/MPSCore.framework/Versions/A/MPSCore
0x00007ff814122000 	/System/Library/Frameworks/MetalPerformanceShaders.framework/Versions/A/Frameworks/MPSImage.framework/Versions/A/MPSImage
0x00007ff813bd9000 	/System/Library/Frameworks/MetalPerformanceShaders.framework/Versions/A/Frameworks/MPSNeuralNetwork.framework/Versions/A/MPSNeuralNetwork
0x00007ff81404e000 	/System/Library/Frameworks/MetalPerformanceShaders.framework/Versions/A/Frameworks/MPSMatrix.framework/Versions/A/MPSMatrix
0x00007ff813e0a000 	/System/Library/Frameworks/MetalPerformanceShaders.framework/Versions/A/Frameworks/MPSRayIntersector.framework/Versions/A/MPSRayIntersector
0x00007ff814087000 	/System/Library/Frameworks/MetalPerformanceShaders.framework/Versions/A/Frameworks/MPSNDArray.framework/Versions/A/MPSNDArray
0x00007ffa25d1c000 	/System/Library/Frameworks/MetalPerformanceShaders.framework/Versions/A/Frameworks/MPSFunctions.framework/Versions/A/MPSFunctions
0x00007ff809e92000 	/System/Library/PrivateFrameworks/MetalTools.framework/Versions/A/MetalTools
0x00007ff812d1d000 	/System/Library/PrivateFrameworks/AggregateDictionary.framework/Versions/A/AggregateDictionary
0x00007ff814f14000 	/usr/lib/libIOReport.dylib
0x00007ffa22753000 	/System/Library/Frameworks/OpenCL.framework/Versions/A/OpenCL
0x00007ff815278000 	/System/Library/PrivateFrameworks/FaceCore.framework/Versions/A/FaceCore
0x00007ff815269000 	/System/Library/PrivateFrameworks/GraphVisualizer.framework/Versions/A/GraphVisualizer
0x00007ffb0d116000 	/System/Library/PrivateFrameworks/FontServices.framework/Versions/A/FontServices
0x00007ff815695000 	/System/Library/PrivateFrameworks/OTSVG.framework/Versions/A/OTSVG
0x00007ff810b02000 	/System/Library/Frameworks/ApplicationServices.framework/Versions/A/Frameworks/ATS.framework/Versions/A/Resources/libFontRegistry.dylib
0x00007ff8156e6000 	/System/Library/PrivateFrameworks/FontServices.framework/libhvf.dylib
0x00007ffb0d117000 	/System/Library/PrivateFrameworks/FontServices.framework/libXTFontStaticRegistryData.dylib
0x00007ff8150e2000 	/System/Library/PrivateFrameworks/AppleVA.framework/Versions/A/AppleVA
0x00007ff8171fc000 	/System/Library/Frameworks/ApplicationServices.framework/Versions/A/Frameworks/ATS.framework/Versions/A/ATS
0x00007ff80f1d5000 	/System/Library/Frameworks/ApplicationServices.framework/Versions/A/Frameworks/HIServices.framework/Versions/A/HIServices
0x00007ff8161de000 	/System/Library/Frameworks/ApplicationServices.framework/Versions/A/Frameworks/PrintCore.framework/Versions/A/PrintCore
0x00007ff81757b000 	/System/Library/Frameworks/ApplicationServices.framework/Versions/A/Frameworks/QD.framework/Versions/A/QD
0x00007ff817573000 	/System/Library/Frameworks/ApplicationServices.framework/Versions/A/Frameworks/ColorSyncLegacy.framework/Versions/A/ColorSyncLegacy
0x00007ff8171ec000 	/System/Library/Frameworks/ApplicationServices.framework/Versions/A/Frameworks/SpeechSynthesis.framework/Versions/A/SpeechSynthesis
0x00007ff81619f000 	/System/Library/Frameworks/ApplicationServices.framework/Versions/A/Frameworks/ATSUI.framework/Versions/A/ATSUI
0x00007ff817508000 	/usr/lib/libcups.2.dylib
0x00007ff8178cb000 	/System/Library/Frameworks/Kerberos.framework/Versions/A/Kerberos
0x00007ff8178da000 	/System/Library/Frameworks/GSS.framework/Versions/A/GSS
0x00007ff817268000 	/usr/lib/libresolv.9.dylib
0x00007ff8156f5000 	/System/Library/PrivateFrameworks/Heimdal.framework/Versions/A/Heimdal
0x00007ff81e37e000 	/System/Library/Frameworks/Kerberos.framework/Versions/A/Libraries/libHeimdalProxy.dylib
0x00007ff80fea4000 	/System/Library/Frameworks/Network.framework/Versions/A/Network
0x00007ff81514c000 	/usr/lib/libheimdal-asn1.dylib
0x00007ff817925000 	/System/Library/PrivateFrameworks/CommonAuth.framework/Versions/A/CommonAuth
0x00007ff81716d000 	/System/Library/PrivateFrameworks/AudioSession.framework/Versions/A/AudioSession
0x00007ff8151dc000 	/System/Library/PrivateFrameworks/MediaExperience.framework/Versions/A/MediaExperience
0x00007ff817001000 	/System/Library/PrivateFrameworks/AudioSession.framework/libSessionUtility.dylib
0x00007ff817587000 	/System/Library/PrivateFrameworks/AudioResourceArbitration.framework/Versions/A/AudioResourceArbitration
0x00007ff815155000 	/System/Library/PrivateFrameworks/IconFoundation.framework/Versions/A/IconFoundation
0x00007ff81a361000 	/System/Library/PrivateFrameworks/SpeechRecognitionCore.framework/Versions/A/SpeechRecognitionCore
0x0000000105d43000 	/Library/Internet Plug-Ins/JavaAppletPlugin.plugin/Contents/Home/lib/server/libjvm.dylib
0x0000000104f87000 	/Library/Internet Plug-Ins/JavaAppletPlugin.plugin/Contents/Home/lib/libverify.dylib
0x0000000104fcb000 	/Library/Internet Plug-Ins/JavaAppletPlugin.plugin/Contents/Home/lib/libjava.dylib
0x0000000104fa5000 	/Library/Internet Plug-Ins/JavaAppletPlugin.plugin/Contents/Home/lib/libzip.dylib
0x0000000105cbb000 	/Library/Internet Plug-Ins/JavaAppletPlugin.plugin/Contents/Home/lib/libprism_es2.dylib
0x00007ff80c00f000 	/System/Library/PrivateFrameworks/CoreServicesInternal.framework/Versions/A/CoreServicesInternal
0x00007ffa2134f000 	/System/Library/Frameworks/OpenGL.framework/Versions/A/Resources/GLEngine.bundle/GLEngine
0x00007ffa211b1000 	/System/Library/Frameworks/OpenGL.framework/Versions/A/Libraries/libGLProgrammability.dylib
0x00007ffa17f81000 	/System/Library/Extensions/AppleIntelSKLGraphicsGLDriver.bundle/Contents/MacOS/AppleIntelSKLGraphicsGLDriver
0x00007ff918c96000 	/System/Library/PrivateFrameworks/GPUSupport.framework/Versions/A/Libraries/libGPUSupportMercury.dylib
0x00007ffa214de000 	/System/Library/Frameworks/OpenGL.framework/Versions/A/Resources/GLRendererFloat.bundle/GLRendererFloat
0x000000010989c000 	/Library/Internet Plug-Ins/JavaAppletPlugin.plugin/Contents/Home/lib/libglass.dylib
0x00007ff81bb32000 	/System/Library/Frameworks/FileProvider.framework/Versions/A/FileProvider
0x00007ff80fc83000 	/System/Library/Frameworks/Accounts.framework/Versions/A/Accounts
0x00007ff81bcaa000 	/System/Library/PrivateFrameworks/GenerationalStorage.framework/Versions/A/GenerationalStorage
0x00007ff81c7b7000 	/System/Library/PrivateFrameworks/CoreSymbolication.framework/Versions/A/CoreSymbolication
0x00007ff81b536000 	/System/Library/PrivateFrameworks/SymptomDiagnosticReporter.framework/Versions/A/SymptomDiagnosticReporter
0x00007ff80d2ce000 	/System/Library/PrivateFrameworks/DesktopServicesPriv.framework/Versions/A/DesktopServicesPriv
0x00007ff80c150000 	/usr/lib/libsandbox.1.dylib
0x00007ff810f98000 	/System/Library/PrivateFrameworks/UserManagement.framework/Versions/A/UserManagement
0x00007ff81c77c000 	/System/Library/PrivateFrameworks/DebugSymbols.framework/Versions/A/DebugSymbols
0x00007ff817568000 	/System/Library/PrivateFrameworks/NetAuth.framework/Versions/A/NetAuth
0x00007ff818454000 	/System/Library/PrivateFrameworks/Sharing.framework/Versions/A/Sharing
0x00007ff810f6b000 	/System/Library/PrivateFrameworks/login.framework/Versions/A/Frameworks/loginsupport.framework/Versions/A/loginsupport
0x00007ff81d8b4000 	/System/Library/PrivateFrameworks/Apple80211.framework/Versions/A/Apple80211
0x00007ff814207000 	/System/Library/PrivateFrameworks/AuthKit.framework/Versions/A/AuthKit
0x00007ff813866000 	/System/Library/PrivateFrameworks/CoreUtils.framework/Versions/A/CoreUtils
0x00007ff81378d000 	/System/Library/Frameworks/CoreWLAN.framework/Versions/A/CoreWLAN
0x00007ff8185af000 	/System/Library/Frameworks/IOBluetooth.framework/Versions/A/IOBluetooth
0x00007ff81d91c000 	/System/Library/PrivateFrameworks/CoreWiFi.framework/Versions/A/CoreWiFi
0x00007ff81c351000 	/System/Library/PrivateFrameworks/FrontBoardServices.framework/Versions/A/FrontBoardServices
0x00007ff81c3e3000 	/System/Library/PrivateFrameworks/BoardServices.framework/Versions/A/BoardServices
0x00007ff813a80000 	/System/Library/PrivateFrameworks/AssertionServices.framework/Versions/A/AssertionServices
0x00007ff81daa0000 	/System/Library/PrivateFrameworks/BackBoardServices.framework/Versions/A/BackBoardServices
0x00007ff8179b4000 	/System/Library/PrivateFrameworks/CorePhoneNumbers.framework/Versions/A/CorePhoneNumbers
0x00007ff81b653000 	/System/Library/PrivateFrameworks/DiskManagement.framework/Versions/A/DiskManagement
0x00007ff81b567000 	/System/Library/PrivateFrameworks/AppleIDAuthSupport.framework/Versions/A/AppleIDAuthSupport
0x00007ffa27c82000 	/System/Library/PrivateFrameworks/AAAFoundation.framework/Versions/A/AAAFoundation
0x00007ff817995000 	/System/Library/PrivateFrameworks/KeychainCircle.framework/Versions/A/KeychainCircle
0x00007ff81b61f000 	/System/Library/PrivateFrameworks/MediaKit.framework/Versions/A/MediaKit
0x00007ff81b573000 	/System/Library/Frameworks/DiscRecording.framework/Versions/A/DiscRecording
0x00007ff81505a000 	/usr/lib/libCoreStorage.dylib
0x00007ff81dd8d000 	/usr/lib/libcsfde.dylib
0x00007ff81867c000 	/System/Library/PrivateFrameworks/ProtectedCloudStorage.framework/Versions/A/ProtectedCloudStorage
0x00007ff81dd89000 	/System/Library/PrivateFrameworks/EFILogin.framework/Versions/A/EFILogin
0x00007ff81bcd0000 	/System/Library/PrivateFrameworks/OctagonTrust.framework/Versions/A/OctagonTrust
0x00007ffb0c450000 	/System/Library/PrivateFrameworks/CoreUtilsExtras.framework/Versions/A/CoreUtilsExtras
0x00007ff81b4a6000 	/System/Library/Frameworks/CoreBluetooth.framework/Versions/A/CoreBluetooth
0x00007ff81e403000 	/System/Library/Frameworks/AudioUnit.framework/Versions/A/AudioUnit
0x00007ff815052000 	/usr/lib/libMatch.1.dylib
0x00007ff913280000 	/System/Library/Frameworks/Accelerate.framework/Versions/A/Frameworks/vImage.framework/Versions/A/Libraries/libCGInterfaces.dylib
0x000000011e26f000 	/usr/lib/libobjc-trampolines.dylib
0x00007ff810c92000 	/System/Library/PrivateFrameworks/ViewBridge.framework/Versions/A/ViewBridge
0x00007ffb1ed1a000 	/usr/lib/libRosetta.dylib
0x00000001210b5000 	/Library/Internet Plug-Ins/JavaAppletPlugin.plugin/Contents/Home/lib/libjavafx_font.dylib
0x000000012102a000 	/Library/Internet Plug-Ins/JavaAppletPlugin.plugin/Contents/Home/lib/libnio.dylib
0x0000000121056000 	/Library/Internet Plug-Ins/JavaAppletPlugin.plugin/Contents/Home/lib/libnet.dylib
0x00007ff8157af000 	/System/Library/PrivateFrameworks/login.framework/Versions/A/login
0x0000000122492000 	/Library/Internet Plug-Ins/JavaAppletPlugin.plugin/Contents/Home/lib/libprism_common.dylib

VM Arguments:
jvm_args: -Dfile.encoding=UTF-8 
java_command: ElevatorSimulation
java_class_path (initial): /Users/guhyojun/git/elevatorsimulation-aden-tooradical/bin
Launcher Type: SUN_STANDARD

Environment Variables:
PATH=/usr/bin:/bin:/usr/sbin:/sbin
SHELL=/bin/zsh

Signal Handlers:
SIGSEGV: [libjvm.dylib+0x59bf91], sa_mask[0]=11111111011111110111111111111111, sa_flags=SA_ONSTACK|SA_RESTART|SA_SIGINFO
SIGBUS: [libjvm.dylib+0x59bf91], sa_mask[0]=11111111011111110111111111111111, sa_flags=SA_RESTART|SA_SIGINFO
SIGFPE: [libjvm.dylib+0x48f9b7], sa_mask[0]=11111111011111110111111111111111, sa_flags=SA_RESTART|SA_SIGINFO
SIGPIPE: [libjvm.dylib+0x48f9b7], sa_mask[0]=11111111011111110111111111111111, sa_flags=SA_RESTART|SA_SIGINFO
SIGXFSZ: [libjvm.dylib+0x48f9b7], sa_mask[0]=11111111011111110111111111111111, sa_flags=SA_RESTART|SA_SIGINFO
SIGILL: [libjvm.dylib+0x48f9b7], sa_mask[0]=11111111011111110111111111111111, sa_flags=SA_RESTART|SA_SIGINFO
SIGUSR1: SIG_DFL, sa_mask[0]=00000000000000000000000000000000, sa_flags=none
SIGUSR2: [libjvm.dylib+0x4902a6], sa_mask[0]=00100000000000000000000000000000, sa_flags=SA_RESTART|SA_SIGINFO
SIGHUP: [libjvm.dylib+0x48e503], sa_mask[0]=11111111011111110111111111111111, sa_flags=SA_RESTART|SA_SIGINFO
SIGINT: [libjvm.dylib+0x48e503], sa_mask[0]=11111111011111110111111111111111, sa_flags=SA_RESTART|SA_SIGINFO
SIGTERM: [libjvm.dylib+0x48e503], sa_mask[0]=11111111011111110111111111111111, sa_flags=SA_RESTART|SA_SIGINFO
SIGQUIT: [libjvm.dylib+0x48e503], sa_mask[0]=11111111011111110111111111111111, sa_flags=SA_RESTART|SA_SIGINFO


---------------  S Y S T E M  ---------------

OS:Bsduname:Darwin 21.1.0 Darwin Kernel Version 21.1.0: Wed Oct 13 17:33:23 PDT 2021; root:xnu-8019.41.5~1/RELEASE_X86_64 x86_64
rlimit: STACK 8192k, CORE 0k, NPROC 1392, NOFILE 10240, AS infinity
load average:3.24 3.77 4.37

CPU:total 4 (initial active 4) (2 cores per cpu, 2 threads per core) family 6 model 78 stepping 3, cmov, cx8, fxsr, mmx, sse, sse2, sse3, ssse3, sse4.1, sse4.2, popcnt, avx, avx2, aes, clmul, erms, 3dnowpref, lzcnt, ht, tsc, tscinvbit, bmi1, bmi2, adx

Memory: 4k page, physical 8388608k(176576k free)

/proc/meminfo:


vm_info: Java HotSpot(TM) 64-Bit Server VM (25.301-b09) for bsd-amd64 JRE (1.8.0_301-b09), built on Jun  9 2021 14:35:36 by "java_re" with gcc 4.2.1 Compatible Apple LLVM 11.0.0 (clang-1100.0.33.17)

time: Wed Dec 15 19:59:30 2021
timezone: PST
elapsed time: 12.730476 seconds (0d 0h 0m 12s)

