INFO    CONFIG:   Capacity=15   Ticks-Floor=5   Ticks-Door=2   Ticks-Passengers=3   CurrState=STOP      CurrFloor=1
INFO    Time=10   Called=1 Floor=1 Dir=Up   passID=0
INFO    Time=11   Prev State: STOP      Curr State: OPENDR    PrevFloor: 1   CurrFloor: 1
INFO    Time=13   Prev State: OPENDR    Curr State: BOARD     PrevFloor: 1   CurrFloor: 1
INFO    Time=13   Board=1 Floor=1 Dir=Up   passID=0
INFO    Time=14   Prev State: BOARD     Curr State: CLOSEDR   PrevFloor: 1   CurrFloor: 1
INFO    Time=16   Prev State: CLOSEDR   Curr State: MV1FLR    PrevFloor: 1   CurrFloor: 1
INFO    Time=21   Prev State: MV1FLR    Curr State: MV1FLR    PrevFloor: 1   CurrFloor: 2
INFO    Time=26   Prev State: MV1FLR    Curr State: MV1FLR    PrevFloor: 2   CurrFloor: 3
INFO    Time=31   Prev State: MV1FLR    Curr State: OPENDR    PrevFloor: 3   CurrFloor: 4
INFO    Time=33   Prev State: OPENDR    Curr State: OFFLD     PrevFloor: 4   CurrFloor: 4
INFO    Time=33   Arrived=1 Floor=4 passID=0
INFO    Time=34   Prev State: OFFLD     Curr State: CLOSEDR   PrevFloor: 4   CurrFloor: 4
INFO    Time=36   Prev State: CLOSEDR   Curr State: STOP      PrevFloor: 4   CurrFloor: 4
INFO    Time=50   Called=1 Floor=4 Dir=Down   passID=1
INFO    Time=50   Called=1 Floor=4 Dir=Up   passID=2
INFO    Time=50   Called=1 Floor=4 Dir=Down   passID=3
INFO    Time=50   Called=1 Floor=5 Dir=Up   passID=4
INFO    Time=51   Prev State: STOP      Curr State: OPENDR    PrevFloor: 4   CurrFloor: 4
INFO    Time=53   Prev State: OPENDR    Curr State: BOARD     PrevFloor: 4   CurrFloor: 4
INFO    Time=53   Board=1 Floor=4 Dir=Up   passID=2
INFO    Time=54   Prev State: BOARD     Curr State: CLOSEDR   PrevFloor: 4   CurrFloor: 4
INFO    Time=56   Prev State: CLOSEDR   Curr State: MV1FLR    PrevFloor: 4   CurrFloor: 4
INFO    Time=61   Prev State: MV1FLR    Curr State: OPENDR    PrevFloor: 4   CurrFloor: 5
INFO    Time=63   Prev State: OPENDR    Curr State: OFFLD     PrevFloor: 5   CurrFloor: 5
INFO    Time=63   Arrived=1 Floor=5 passID=2
INFO    Time=64   Prev State: OFFLD     Curr State: BOARD     PrevFloor: 5   CurrFloor: 5
INFO    Time=64   Board=1 Floor=5 Dir=Up   passID=4
INFO    Time=65   Prev State: BOARD     Curr State: CLOSEDR   PrevFloor: 5   CurrFloor: 5
INFO    Time=67   Prev State: CLOSEDR   Curr State: MV1FLR    PrevFloor: 5   CurrFloor: 5
INFO    Time=72   Prev State: MV1FLR    Curr State: OPENDR    PrevFloor: 5   CurrFloor: 6
INFO    Time=74   Prev State: OPENDR    Curr State: OFFLD     PrevFloor: 6   CurrFloor: 6
INFO    Time=74   Arrived=1 Floor=6 passID=4
INFO    Time=75   Prev State: OFFLD     Curr State: CLOSEDR   PrevFloor: 6   CurrFloor: 6
INFO    Time=77   Prev State: CLOSEDR   Curr State: MV1FLR    PrevFloor: 6   CurrFloor: 6
INFO    Time=82   Prev State: MV1FLR    Curr State: MV1FLR    PrevFloor: 6   CurrFloor: 5
INFO    Time=87   Prev State: MV1FLR    Curr State: OPENDR    PrevFloor: 5   CurrFloor: 4
INFO    Time=89   Prev State: OPENDR    Curr State: BOARD     PrevFloor: 4   CurrFloor: 4
INFO    Time=89   Board=1 Floor=4 Dir=Down   passID=1
INFO    Time=89   Board=1 Floor=4 Dir=Down   passID=3
INFO    Time=90   Prev State: BOARD     Curr State: CLOSEDR   PrevFloor: 4   CurrFloor: 4
INFO    Time=92   Prev State: CLOSEDR   Curr State: MV1FLR    PrevFloor: 4   CurrFloor: 4
INFO    Time=97   Prev State: MV1FLR    Curr State: OPENDR    PrevFloor: 4   CurrFloor: 3
INFO    Time=99   Prev State: OPENDR    Curr State: OFFLD     PrevFloor: 3   CurrFloor: 3
INFO    Time=99   Arrived=1 Floor=3 passID=3
INFO    Time=99   Arrived=1 Floor=3 passID=1
INFO    Time=100   Prev State: OFFLD     Curr State: CLOSEDR   PrevFloor: 3   CurrFloor: 3
INFO    Time=102   Prev State: CLOSEDR   Curr State: STOP      PrevFloor: 3   CurrFloor: 3
INFO    Time=102   Detected End of Simulation
