INFO    CONFIG:   Capacity=15   Ticks-Floor=5   Ticks-Door=2   Ticks-Passengers=3   CurrState=STOP      CurrFloor=1
INFO    Time=10   Called=1 Floor=1 Dir=Up   passID=0
INFO    Time=11   Prev State: STOP      Curr State: OPENDR    PrevFloor: 1   CurrFloor: 1
INFO    Time=13   Prev State: OPENDR    Curr State: BOARD     PrevFloor: 1   CurrFloor: 1
INFO    Time=13   Board=1 Floor=1 Dir=Up   passID=0
INFO    Time=14   Prev State: BOARD     Curr State: CLOSEDR   PrevFloor: 1   CurrFloor: 1
INFO    Time=16   Prev State: CLOSEDR   Curr State: MV1FLR    PrevFloor: 1   CurrFloor: 1
INFO    Time=21   Prev State: MV1FLR    Curr State: MV1FLR    PrevFloor: 1   CurrFloor: 2
INFO    Time=26   Prev State: MV1FLR    Curr State: OPENDR    PrevFloor: 2   CurrFloor: 3
INFO    Time=28   Prev State: OPENDR    Curr State: OFFLD     PrevFloor: 3   CurrFloor: 3
INFO    Time=28   Arrived=1 Floor=3 passID=0
INFO    Time=29   Prev State: OFFLD     Curr State: CLOSEDR   PrevFloor: 3   CurrFloor: 3
INFO    Time=31   Prev State: CLOSEDR   Curr State: STOP      PrevFloor: 3   CurrFloor: 3
INFO    Time=50   Called=1 Floor=3 Dir=Up   passID=1
INFO    Time=50   Called=1 Floor=3 Dir=Down   passID=2
INFO    Time=50   Called=1 Floor=2 Dir=Down   passID=3
INFO    Time=50   Called=1 Floor=4 Dir=Up   passID=4
INFO    Time=50   Called=1 Floor=2 Dir=Up   passID=5
INFO    Time=50   Called=1 Floor=6 Dir=Down   passID=6
INFO    Time=51   Prev State: STOP      Curr State: OPENDR    PrevFloor: 3   CurrFloor: 3
INFO    Time=53   Prev State: OPENDR    Curr State: BOARD     PrevFloor: 3   CurrFloor: 3
INFO    Time=53   Board=1 Floor=3 Dir=Up   passID=1
INFO    Time=54   Prev State: BOARD     Curr State: CLOSEDR   PrevFloor: 3   CurrFloor: 3
INFO    Time=56   Prev State: CLOSEDR   Curr State: MV1FLR    PrevFloor: 3   CurrFloor: 3
INFO    Time=61   Prev State: MV1FLR    Curr State: OPENDR    PrevFloor: 3   CurrFloor: 4
INFO    Time=63   Prev State: OPENDR    Curr State: BOARD     PrevFloor: 4   CurrFloor: 4
INFO    Time=63   Board=1 Floor=4 Dir=Up   passID=4
INFO    Time=64   Prev State: BOARD     Curr State: CLOSEDR   PrevFloor: 4   CurrFloor: 4
INFO    Time=66   Prev State: CLOSEDR   Curr State: MV1FLR    PrevFloor: 4   CurrFloor: 4
INFO    Time=71   Prev State: MV1FLR    Curr State: MV1FLR    PrevFloor: 4   CurrFloor: 5
INFO    Time=76   Prev State: MV1FLR    Curr State: OPENDR    PrevFloor: 5   CurrFloor: 6
INFO    Time=78   Prev State: OPENDR    Curr State: OFFLD     PrevFloor: 6   CurrFloor: 6
INFO    Time=78   Arrived=1 Floor=6 passID=4
INFO    Time=78   Arrived=1 Floor=6 passID=1
INFO    Time=79   Prev State: OFFLD     Curr State: BOARD     PrevFloor: 6   CurrFloor: 6
INFO    Time=79   Board=1 Floor=6 Dir=Down   passID=6
INFO    Time=80   Prev State: BOARD     Curr State: CLOSEDR   PrevFloor: 6   CurrFloor: 6
INFO    Time=82   Prev State: CLOSEDR   Curr State: MV1FLR    PrevFloor: 6   CurrFloor: 6
INFO    Time=87   Prev State: MV1FLR    Curr State: MV1FLR    PrevFloor: 6   CurrFloor: 5
INFO    Time=92   Prev State: MV1FLR    Curr State: MV1FLR    PrevFloor: 5   CurrFloor: 4
INFO    Time=97   Prev State: MV1FLR    Curr State: OPENDR    PrevFloor: 4   CurrFloor: 3
INFO    Time=99   Prev State: OPENDR    Curr State: BOARD     PrevFloor: 3   CurrFloor: 3
INFO    Time=99   Board=1 Floor=3 Dir=Down   passID=2
INFO    Time=100   Prev State: BOARD     Curr State: CLOSEDR   PrevFloor: 3   CurrFloor: 3
INFO    Time=102   Prev State: CLOSEDR   Curr State: MV1FLR    PrevFloor: 3   CurrFloor: 3
INFO    Time=107   Prev State: MV1FLR    Curr State: OPENDR    PrevFloor: 3   CurrFloor: 2
INFO    Time=109   Prev State: OPENDR    Curr State: BOARD     PrevFloor: 2   CurrFloor: 2
INFO    Time=109   Board=1 Floor=2 Dir=Down   passID=3
INFO    Time=110   Prev State: BOARD     Curr State: CLOSEDR   PrevFloor: 2   CurrFloor: 2
INFO    Time=112   Prev State: CLOSEDR   Curr State: MV1FLR    PrevFloor: 2   CurrFloor: 2
INFO    Time=117   Prev State: MV1FLR    Curr State: OPENDR    PrevFloor: 2   CurrFloor: 1
INFO    Time=119   Prev State: OPENDR    Curr State: OFFLD     PrevFloor: 1   CurrFloor: 1
INFO    Time=119   Arrived=1 Floor=1 passID=3
INFO    Time=119   Arrived=1 Floor=1 passID=2
INFO    Time=119   Arrived=1 Floor=1 passID=6
INFO    Time=120   Prev State: OFFLD     Curr State: CLOSEDR   PrevFloor: 1   CurrFloor: 1
INFO    Time=122   Prev State: CLOSEDR   Curr State: MV1FLR    PrevFloor: 1   CurrFloor: 1
INFO    Time=127   Prev State: MV1FLR    Curr State: OPENDR    PrevFloor: 1   CurrFloor: 2
INFO    Time=129   Prev State: OPENDR    Curr State: BOARD     PrevFloor: 2   CurrFloor: 2
INFO    Time=129   Board=1 Floor=2 Dir=Up   passID=5
INFO    Time=130   Prev State: BOARD     Curr State: CLOSEDR   PrevFloor: 2   CurrFloor: 2
INFO    Time=132   Prev State: CLOSEDR   Curr State: MV1FLR    PrevFloor: 2   CurrFloor: 2
INFO    Time=137   Prev State: MV1FLR    Curr State: MV1FLR    PrevFloor: 2   CurrFloor: 3
INFO    Time=142   Prev State: MV1FLR    Curr State: MV1FLR    PrevFloor: 3   CurrFloor: 4
INFO    Time=147   Prev State: MV1FLR    Curr State: MV1FLR    PrevFloor: 4   CurrFloor: 5
INFO    Time=152   Prev State: MV1FLR    Curr State: OPENDR    PrevFloor: 5   CurrFloor: 6
INFO    Time=154   Prev State: OPENDR    Curr State: OFFLD     PrevFloor: 6   CurrFloor: 6
INFO    Time=154   Arrived=1 Floor=6 passID=5
INFO    Time=155   Prev State: OFFLD     Curr State: CLOSEDR   PrevFloor: 6   CurrFloor: 6
INFO    Time=157   Prev State: CLOSEDR   Curr State: STOP      PrevFloor: 6   CurrFloor: 6
INFO    Time=157   Detected End of Simulation
