INFO    CONFIG:   Capacity=15   Ticks-Floor=5   Ticks-Door=2   Ticks-Passengers=3   CurrState=STOP      CurrFloor=1
INFO    Time=10   Called=1 Floor=1 Dir=Up   passID=0
INFO    Time=11   Prev State: STOP      Curr State: OPENDR    PrevFloor: 1   CurrFloor: 1
INFO    Time=13   Prev State: OPENDR    Curr State: BOARD     PrevFloor: 1   CurrFloor: 1
INFO    Time=13   Board=1 Floor=1 Dir=Up   passID=0
INFO    Time=14   Prev State: BOARD     Curr State: CLOSEDR   PrevFloor: 1   CurrFloor: 1
INFO    Time=16   Prev State: CLOSEDR   Curr State: MV1FLR    PrevFloor: 1   CurrFloor: 1
INFO    Time=21   Prev State: MV1FLR    Curr State: MV1FLR    PrevFloor: 1   CurrFloor: 2
INFO    Time=26   Prev State: MV1FLR    Curr State: MV1FLR    PrevFloor: 2   CurrFloor: 3
INFO    Time=31   Prev State: MV1FLR    Curr State: OPENDR    PrevFloor: 3   CurrFloor: 4
INFO    Time=33   Prev State: OPENDR    Curr State: OFFLD     PrevFloor: 4   CurrFloor: 4
INFO    Time=33   Arrived=1 Floor=4 passID=0
INFO    Time=34   Prev State: OFFLD     Curr State: CLOSEDR   PrevFloor: 4   CurrFloor: 4
INFO    Time=36   Prev State: CLOSEDR   Curr State: STOP      PrevFloor: 4   CurrFloor: 4
INFO    Time=50   Called=1 Floor=3 Dir=Up   passID=1
INFO    Time=50   Called=1 Floor=1 Dir=Up   passID=2
INFO    Time=50   Called=1 Floor=2 Dir=Up   passID=3
INFO    Time=50   Called=1 Floor=4 Dir=Up   passID=4
INFO    Time=50   Called=1 Floor=4 Dir=Down   passID=5
INFO    Time=50   Called=1 Floor=3 Dir=Down   passID=6
INFO    Time=50   Called=1 Floor=2 Dir=Down   passID=7
INFO    Time=50   Called=1 Floor=5 Dir=Up   passID=8
INFO    Time=51   Prev State: STOP      Curr State: OPENDR    PrevFloor: 4   CurrFloor: 4
INFO    Time=53   Prev State: OPENDR    Curr State: BOARD     PrevFloor: 4   CurrFloor: 4
INFO    Time=53   Board=1 Floor=4 Dir=Down   passID=5
INFO    Time=54   Prev State: BOARD     Curr State: CLOSEDR   PrevFloor: 4   CurrFloor: 4
INFO    Time=56   Prev State: CLOSEDR   Curr State: MV1FLR    PrevFloor: 4   CurrFloor: 4
INFO    Time=61   Prev State: MV1FLR    Curr State: OPENDR    PrevFloor: 4   CurrFloor: 3
INFO    Time=63   Prev State: OPENDR    Curr State: OFFLD     PrevFloor: 3   CurrFloor: 3
INFO    Time=63   Arrived=1 Floor=3 passID=5
INFO    Time=64   Prev State: OFFLD     Curr State: BOARD     PrevFloor: 3   CurrFloor: 3
INFO    Time=64   Board=1 Floor=3 Dir=Down   passID=6
INFO    Time=65   Prev State: BOARD     Curr State: CLOSEDR   PrevFloor: 3   CurrFloor: 3
INFO    Time=67   Prev State: CLOSEDR   Curr State: MV1FLR    PrevFloor: 3   CurrFloor: 3
INFO    Time=72   Prev State: MV1FLR    Curr State: OPENDR    PrevFloor: 3   CurrFloor: 2
INFO    Time=74   Prev State: OPENDR    Curr State: BOARD     PrevFloor: 2   CurrFloor: 2
INFO    Time=74   Board=1 Floor=2 Dir=Down   passID=7
INFO    Time=75   Prev State: BOARD     Curr State: CLOSEDR   PrevFloor: 2   CurrFloor: 2
INFO    Time=77   Prev State: CLOSEDR   Curr State: MV1FLR    PrevFloor: 2   CurrFloor: 2
INFO    Time=82   Prev State: MV1FLR    Curr State: OPENDR    PrevFloor: 2   CurrFloor: 1
INFO    Time=84   Prev State: OPENDR    Curr State: OFFLD     PrevFloor: 1   CurrFloor: 1
INFO    Time=84   Arrived=1 Floor=1 passID=7
INFO    Time=84   Arrived=1 Floor=1 passID=6
INFO    Time=85   Prev State: OFFLD     Curr State: BOARD     PrevFloor: 1   CurrFloor: 1
INFO    Time=85   Board=1 Floor=1 Dir=Up   passID=2
INFO    Time=86   Prev State: BOARD     Curr State: CLOSEDR   PrevFloor: 1   CurrFloor: 1
INFO    Time=88   Prev State: CLOSEDR   Curr State: MV1FLR    PrevFloor: 1   CurrFloor: 1
INFO    Time=93   Prev State: MV1FLR    Curr State: OPENDR    PrevFloor: 1   CurrFloor: 2
INFO    Time=95   Prev State: OPENDR    Curr State: BOARD     PrevFloor: 2   CurrFloor: 2
INFO    Time=95   Board=1 Floor=2 Dir=Up   passID=3
INFO    Time=96   Prev State: BOARD     Curr State: CLOSEDR   PrevFloor: 2   CurrFloor: 2
INFO    Time=98   Prev State: CLOSEDR   Curr State: MV1FLR    PrevFloor: 2   CurrFloor: 2
INFO    Time=103   Prev State: MV1FLR    Curr State: OPENDR    PrevFloor: 2   CurrFloor: 3
INFO    Time=105   Prev State: OPENDR    Curr State: BOARD     PrevFloor: 3   CurrFloor: 3
INFO    Time=105   Board=1 Floor=3 Dir=Up   passID=1
INFO    Time=106   Prev State: BOARD     Curr State: CLOSEDR   PrevFloor: 3   CurrFloor: 3
INFO    Time=108   Prev State: CLOSEDR   Curr State: MV1FLR    PrevFloor: 3   CurrFloor: 3
INFO    Time=113   Prev State: MV1FLR    Curr State: OPENDR    PrevFloor: 3   CurrFloor: 4
INFO    Time=115   Prev State: OPENDR    Curr State: BOARD     PrevFloor: 4   CurrFloor: 4
INFO    Time=115   Board=1 Floor=4 Dir=Up   passID=4
INFO    Time=116   Prev State: BOARD     Curr State: CLOSEDR   PrevFloor: 4   CurrFloor: 4
INFO    Time=118   Prev State: CLOSEDR   Curr State: MV1FLR    PrevFloor: 4   CurrFloor: 4
INFO    Time=123   Prev State: MV1FLR    Curr State: OPENDR    PrevFloor: 4   CurrFloor: 5
INFO    Time=125   Prev State: OPENDR    Curr State: BOARD     PrevFloor: 5   CurrFloor: 5
INFO    Time=125   Board=1 Floor=5 Dir=Up   passID=8
INFO    Time=126   Prev State: BOARD     Curr State: CLOSEDR   PrevFloor: 5   CurrFloor: 5
INFO    Time=128   Prev State: CLOSEDR   Curr State: MV1FLR    PrevFloor: 5   CurrFloor: 5
INFO    Time=133   Prev State: MV1FLR    Curr State: OPENDR    PrevFloor: 5   CurrFloor: 6
INFO    Time=135   Prev State: OPENDR    Curr State: OFFLD     PrevFloor: 6   CurrFloor: 6
INFO    Time=135   Arrived=1 Floor=6 passID=8
INFO    Time=135   Arrived=1 Floor=6 passID=4
INFO    Time=135   Arrived=1 Floor=6 passID=1
INFO    Time=135   Arrived=1 Floor=6 passID=3
INFO    Time=135   Arrived=1 Floor=6 passID=2
INFO    Time=137   Prev State: OFFLD     Curr State: CLOSEDR   PrevFloor: 6   CurrFloor: 6
INFO    Time=139   Prev State: CLOSEDR   Curr State: STOP      PrevFloor: 6   CurrFloor: 6
INFO    Time=139   Detected End of Simulation
