INFO    CONFIG:   Capacity=15   Ticks-Floor=5   Ticks-Door=2   Ticks-Passengers=3   CurrState=STOP      CurrFloor=1
INFO    Time=10   Called=1 Floor=2 Dir=Up   passID=0
INFO    Time=10   Called=1 Floor=3 Dir=Up   passID=1
INFO    Time=10   Called=1 Floor=6 Dir=Down   passID=2
INFO    Time=10   Called=1 Floor=5 Dir=Down   passID=3
INFO    Time=10   Called=1 Floor=4 Dir=Down   passID=4
INFO    Time=11   Prev State: STOP      Curr State: MVTOFLR   PrevFloor: 1   CurrFloor: 1
INFO    Time=16   Prev State: MVTOFLR   Curr State: MVTOFLR   PrevFloor: 1   CurrFloor: 2
INFO    Time=21   Prev State: MVTOFLR   Curr State: MVTOFLR   PrevFloor: 2   CurrFloor: 3
INFO    Time=26   Prev State: MVTOFLR   Curr State: MVTOFLR   PrevFloor: 3   CurrFloor: 4
INFO    Time=31   Prev State: MVTOFLR   Curr State: MVTOFLR   PrevFloor: 4   CurrFloor: 5
INFO    Time=36   Prev State: MVTOFLR   Curr State: OPENDR    PrevFloor: 5   CurrFloor: 6
INFO    Time=38   Prev State: OPENDR    Curr State: BOARD     PrevFloor: 6   CurrFloor: 6
INFO    Time=38   Board=1 Floor=6 Dir=Down   passID=2
INFO    Time=39   Prev State: BOARD     Curr State: CLOSEDR   PrevFloor: 6   CurrFloor: 6
INFO    Time=41   Prev State: CLOSEDR   Curr State: MV1FLR    PrevFloor: 6   CurrFloor: 6
INFO    Time=46   Prev State: MV1FLR    Curr State: OPENDR    PrevFloor: 6   CurrFloor: 5
INFO    Time=48   Prev State: OPENDR    Curr State: BOARD     PrevFloor: 5   CurrFloor: 5
INFO    Time=48   Board=1 Floor=5 Dir=Down   passID=3
INFO    Time=49   Prev State: BOARD     Curr State: CLOSEDR   PrevFloor: 5   CurrFloor: 5
INFO    Time=51   Prev State: CLOSEDR   Curr State: MV1FLR    PrevFloor: 5   CurrFloor: 5
INFO    Time=56   Prev State: MV1FLR    Curr State: OPENDR    PrevFloor: 5   CurrFloor: 4
INFO    Time=58   Prev State: OPENDR    Curr State: BOARD     PrevFloor: 4   CurrFloor: 4
INFO    Time=58   Board=1 Floor=4 Dir=Down   passID=4
INFO    Time=59   Prev State: BOARD     Curr State: CLOSEDR   PrevFloor: 4   CurrFloor: 4
INFO    Time=61   Prev State: CLOSEDR   Curr State: MV1FLR    PrevFloor: 4   CurrFloor: 4
INFO    Time=66   Prev State: MV1FLR    Curr State: OPENDR    PrevFloor: 4   CurrFloor: 3
INFO    Time=68   Prev State: OPENDR    Curr State: OFFLD     PrevFloor: 3   CurrFloor: 3
INFO    Time=68   Arrived=1 Floor=3 passID=4
INFO    Time=69   Prev State: OFFLD     Curr State: CLOSEDR   PrevFloor: 3   CurrFloor: 3
INFO    Time=71   Prev State: CLOSEDR   Curr State: MV1FLR    PrevFloor: 3   CurrFloor: 3
INFO    Time=76   Prev State: MV1FLR    Curr State: OPENDR    PrevFloor: 3   CurrFloor: 2
INFO    Time=78   Prev State: OPENDR    Curr State: OFFLD     PrevFloor: 2   CurrFloor: 2
INFO    Time=78   Arrived=1 Floor=2 passID=3
INFO    Time=79   Prev State: OFFLD     Curr State: CLOSEDR   PrevFloor: 2   CurrFloor: 2
INFO    Time=81   Prev State: CLOSEDR   Curr State: MV1FLR    PrevFloor: 2   CurrFloor: 2
INFO    Time=86   Prev State: MV1FLR    Curr State: OPENDR    PrevFloor: 2   CurrFloor: 1
INFO    Time=88   Prev State: OPENDR    Curr State: OFFLD     PrevFloor: 1   CurrFloor: 1
INFO    Time=88   Arrived=1 Floor=1 passID=2
INFO    Time=89   Prev State: OFFLD     Curr State: CLOSEDR   PrevFloor: 1   CurrFloor: 1
INFO    Time=91   Prev State: CLOSEDR   Curr State: MV1FLR    PrevFloor: 1   CurrFloor: 1
INFO    Time=96   Prev State: MV1FLR    Curr State: OPENDR    PrevFloor: 1   CurrFloor: 2
INFO    Time=98   Prev State: OPENDR    Curr State: BOARD     PrevFloor: 2   CurrFloor: 2
INFO    Time=98   Board=1 Floor=2 Dir=Up   passID=0
INFO    Time=99   Prev State: BOARD     Curr State: CLOSEDR   PrevFloor: 2   CurrFloor: 2
INFO    Time=101   Prev State: CLOSEDR   Curr State: MV1FLR    PrevFloor: 2   CurrFloor: 2
INFO    Time=106   Prev State: MV1FLR    Curr State: OPENDR    PrevFloor: 2   CurrFloor: 3
INFO    Time=108   Prev State: OPENDR    Curr State: BOARD     PrevFloor: 3   CurrFloor: 3
INFO    Time=108   Board=1 Floor=3 Dir=Up   passID=1
INFO    Time=109   Prev State: BOARD     Curr State: CLOSEDR   PrevFloor: 3   CurrFloor: 3
INFO    Time=111   Prev State: CLOSEDR   Curr State: MV1FLR    PrevFloor: 3   CurrFloor: 3
INFO    Time=116   Prev State: MV1FLR    Curr State: MV1FLR    PrevFloor: 3   CurrFloor: 4
INFO    Time=121   Prev State: MV1FLR    Curr State: OPENDR    PrevFloor: 4   CurrFloor: 5
INFO    Time=123   Prev State: OPENDR    Curr State: OFFLD     PrevFloor: 5   CurrFloor: 5
INFO    Time=123   Arrived=1 Floor=5 passID=0
INFO    Time=124   Prev State: OFFLD     Curr State: CLOSEDR   PrevFloor: 5   CurrFloor: 5
INFO    Time=126   Prev State: CLOSEDR   Curr State: MV1FLR    PrevFloor: 5   CurrFloor: 5
INFO    Time=131   Prev State: MV1FLR    Curr State: OPENDR    PrevFloor: 5   CurrFloor: 6
INFO    Time=133   Prev State: OPENDR    Curr State: OFFLD     PrevFloor: 6   CurrFloor: 6
INFO    Time=133   Arrived=1 Floor=6 passID=1
INFO    Time=134   Prev State: OFFLD     Curr State: CLOSEDR   PrevFloor: 6   CurrFloor: 6
INFO    Time=136   Prev State: CLOSEDR   Curr State: STOP      PrevFloor: 6   CurrFloor: 6
INFO    Time=136   Detected End of Simulation
