INFO    CONFIG:   Capacity=15   Ticks-Floor=5   Ticks-Door=2   Ticks-Passengers=3   CurrState=STOP      CurrFloor=1
INFO    Time=10   Called=1 Floor=1 Dir=Up   passID=0
INFO    Time=11   Prev State: STOP      Curr State: OPENDR    PrevFloor: 1   CurrFloor: 1
INFO    Time=13   Prev State: OPENDR    Curr State: BOARD     PrevFloor: 1   CurrFloor: 1
INFO    Time=13   Board=1 Floor=1 Dir=Up   passID=0
INFO    Time=14   Prev State: BOARD     Curr State: CLOSEDR   PrevFloor: 1   CurrFloor: 1
INFO    Time=16   Prev State: CLOSEDR   Curr State: MV1FLR    PrevFloor: 1   CurrFloor: 1
INFO    Time=21   Prev State: MV1FLR    Curr State: MV1FLR    PrevFloor: 1   CurrFloor: 2
INFO    Time=26   Prev State: MV1FLR    Curr State: OPENDR    PrevFloor: 2   CurrFloor: 3
INFO    Time=28   Prev State: OPENDR    Curr State: OFFLD     PrevFloor: 3   CurrFloor: 3
INFO    Time=28   Arrived=1 Floor=3 passID=0
INFO    Time=29   Prev State: OFFLD     Curr State: CLOSEDR   PrevFloor: 3   CurrFloor: 3
INFO    Time=31   Prev State: CLOSEDR   Curr State: STOP      PrevFloor: 3   CurrFloor: 3
INFO    Time=50   Called=1 Floor=1 Dir=Up   passID=1
INFO    Time=50   Called=1 Floor=6 Dir=Down   passID=2
INFO    Time=51   Prev State: STOP      Curr State: MVTOFLR   PrevFloor: 3   CurrFloor: 3
INFO    Time=56   Prev State: MVTOFLR   Curr State: MVTOFLR   PrevFloor: 3   CurrFloor: 2
INFO    Time=61   Prev State: MVTOFLR   Curr State: OPENDR    PrevFloor: 2   CurrFloor: 1
INFO    Time=63   Prev State: OPENDR    Curr State: BOARD     PrevFloor: 1   CurrFloor: 1
INFO    Time=63   Board=1 Floor=1 Dir=Up   passID=1
INFO    Time=64   Prev State: BOARD     Curr State: CLOSEDR   PrevFloor: 1   CurrFloor: 1
INFO    Time=66   Prev State: CLOSEDR   Curr State: MV1FLR    PrevFloor: 1   CurrFloor: 1
INFO    Time=71   Prev State: MV1FLR    Curr State: MV1FLR    PrevFloor: 1   CurrFloor: 2
INFO    Time=76   Prev State: MV1FLR    Curr State: MV1FLR    PrevFloor: 2   CurrFloor: 3
INFO    Time=81   Prev State: MV1FLR    Curr State: OPENDR    PrevFloor: 3   CurrFloor: 4
INFO    Time=83   Prev State: OPENDR    Curr State: OFFLD     PrevFloor: 4   CurrFloor: 4
INFO    Time=83   Arrived=1 Floor=4 passID=1
INFO    Time=84   Prev State: OFFLD     Curr State: CLOSEDR   PrevFloor: 4   CurrFloor: 4
INFO    Time=86   Prev State: CLOSEDR   Curr State: MV1FLR    PrevFloor: 4   CurrFloor: 4
INFO    Time=91   Prev State: MV1FLR    Curr State: MV1FLR    PrevFloor: 4   CurrFloor: 5
INFO    Time=96   Prev State: MV1FLR    Curr State: OPENDR    PrevFloor: 5   CurrFloor: 6
INFO    Time=98   Prev State: OPENDR    Curr State: BOARD     PrevFloor: 6   CurrFloor: 6
INFO    Time=98   Board=1 Floor=6 Dir=Down   passID=2
INFO    Time=99   Prev State: BOARD     Curr State: CLOSEDR   PrevFloor: 6   CurrFloor: 6
INFO    Time=101   Prev State: CLOSEDR   Curr State: MV1FLR    PrevFloor: 6   CurrFloor: 6
INFO    Time=106   Prev State: MV1FLR    Curr State: MV1FLR    PrevFloor: 6   CurrFloor: 5
INFO    Time=111   Prev State: MV1FLR    Curr State: OPENDR    PrevFloor: 5   CurrFloor: 4
INFO    Time=113   Prev State: OPENDR    Curr State: OFFLD     PrevFloor: 4   CurrFloor: 4
INFO    Time=113   Arrived=1 Floor=4 passID=2
INFO    Time=114   Prev State: OFFLD     Curr State: CLOSEDR   PrevFloor: 4   CurrFloor: 4
INFO    Time=116   Prev State: CLOSEDR   Curr State: STOP      PrevFloor: 4   CurrFloor: 4
INFO    Time=116   Detected End of Simulation
